生成启动时间为 2012/11/26 18:23:07。
     1>项目“C:\Users\Administrator\Documents\Visual Studio 2010\Projects\K-nearest\K-nearest\K-nearest.vcxproj”在节点 2 上(build 个目标)。
     1>InitializeBuildStatus:
         正在创建“Debug\K-nearest.unsuccessfulbuild”，因为已指定“AlwaysCreate”。
       ClCompile:
         C:\Program Files (x86)\Microsoft Visual Studio 10.0\VC\bin\CL.exe /c /ZI /nologo /W3 /WX- /Od /Oy- /D WIN32 /D _DEBUG /D _CONSOLE /D _UNICODE /D UNICODE /Gm /EHsc /RTC1 /MDd /GS /fp:precise /Zc:wchar_t /Zc:forScope /Fo"Debug\\" /Fd"Debug\vc100.pdb" /Gd /TP /analyze- /errorReport:prompt "K-nearest.cpp"
         K-nearest.cpp
     1>c:\users\administrator\documents\visual studio 2010\projects\k-nearest\k-nearest\k-nearest.cpp(75): warning C4244: “=”: 从“double”转换到“int”，可能丢失数据
     1>c:\users\administrator\documents\visual studio 2010\projects\k-nearest\k-nearest\k-nearest.cpp(165): warning C4244: “=”: 从“double”转换到“int”，可能丢失数据
       ManifestResourceCompile:
         所有输出均为最新。
       Link:
         C:\Program Files (x86)\Microsoft Visual Studio 10.0\VC\bin\link.exe /ERRORREPORT:PROMPT /OUT:"C:\Users\Administrator\Documents\Visual Studio 2010\Projects\K-nearest\Debug\K-nearest.exe" /INCREMENTAL /NOLOGO kernel32.lib user32.lib gdi32.lib winspool.lib comdlg32.lib advapi32.lib shell32.lib ole32.lib oleaut32.lib uuid.lib odbc32.lib odbccp32.lib /MANIFEST /ManifestFile:"Debug\K-nearest.exe.intermediate.manifest" /MANIFESTUAC:"level='asInvoker' uiAccess='false'" /DEBUG /PDB:"C:\Users\Administrator\Documents\Visual Studio 2010\Projects\K-nearest\Debug\K-nearest.pdb" /SUBSYSTEM:CONSOLE /TLBID:1 /DYNAMICBASE /NXCOMPAT /IMPLIB:"C:\Users\Administrator\Documents\Visual Studio 2010\Projects\K-nearest\Debug\K-nearest.lib" /MACHINE:X86 "Debug\K-nearest.exe.embed.manifest.res"
         "Debug\K-nearest.obj"
       Manifest:
         C:\Program Files (x86)\Microsoft SDKs\Windows\v7.0A\bin\mt.exe /nologo /verbose /out:"Debug\K-nearest.exe.embed.manifest" /manifest "Debug\K-nearest.exe.intermediate.manifest"
         所有输出均为最新。
       LinkEmbedManifest:
         所有输出均为最新。
         K-nearest.vcxproj -> C:\Users\Administrator\Documents\Visual Studio 2010\Projects\K-nearest\Debug\K-nearest.exe
       FinalizeBuildStatus:
         正在删除文件“Debug\K-nearest.unsuccessfulbuild”。
         正在对“Debug\K-nearest.lastbuildstate”执行 Touch 任务。
     1>已完成生成项目“C:\Users\Administrator\Documents\Visual Studio 2010\Projects\K-nearest\K-nearest\K-nearest.vcxproj”(build 个目标)的操作。

生成成功。

已用时间 00:00:02.21
